<?xml version="1.0" encoding="UTF-8"?>
<testng-results ignored="0" total="1" passed="1" failed="0" skipped="0">
  <reporter-output>
  </reporter-output>
  <suite started-at="2022-04-05T15:18:45 MSK" name="Surefire suite" finished-at="2022-04-05T15:19:28 MSK" duration-ms="42946">
    <groups>
    </groups>
    <test started-at="2022-04-05T15:18:45 MSK" name="Surefire test" finished-at="2022-04-05T15:19:28 MSK" duration-ms="42946">
      <class name="MailRuTest">
        <test-method signature="test()[pri:0, instance:MailRuTest@73aff8f1]" started-at="2022-04-05T15:18:45 MSK" name="test" finished-at="2022-04-05T15:19:28 MSK" duration-ms="42720" status="PASS">
          <reporter-output>
          </reporter-output>
        </test-method> <!-- test -->
        <test-method is-config="true" signature="afterTest()[pri:0, instance:MailRuTest@73aff8f1]" started-at="2022-04-05T15:19:28 MSK" name="afterTest" finished-at="2022-04-05T15:19:28 MSK" duration-ms="5" status="PASS">
          <reporter-output>
          </reporter-output>
        </test-method> <!-- afterTest -->
      </class> <!-- MailRuTest -->
    </test> <!-- Surefire test -->
  </suite> <!-- Surefire suite -->
</testng-results>
